2022-01-26 15:43:12,188:INFO:PyCaret Supervised Module
2022-01-26 15:43:12,188:INFO:ML Usecase: anomaly
2022-01-26 15:43:12,188:INFO:version 2.3.4
2022-01-26 15:43:12,188:INFO:Initializing setup()
2022-01-26 15:43:12,188:INFO:setup(target=None, ml_usecase=anomaly, available_plots={'tsne': 'Anomaly TSnE (3d)', 'umap': 'UMAP Dimensionality'}, train_size=0.7, test_data=None, preprocess=True, imputation_type=simple, iterative_imputation_iters=5, categorical_features=None, categorical_imputation=mode, categorical_iterative_imputer=lightgbm, ordinal_features=None, high_cardinality_features=None, high_cardinality_method=frequency, numeric_features=None, numeric_imputation=mean, numeric_iterative_imputer=lightgbm, date_features=None, ignore_features=None, normalize=False, normalize_method=zscore, transformation=False, transformation_method=yeo-johnson, handle_unknown_categorical=True, unknown_categorical_method=least_frequent, pca=False, pca_method=linear, pca_components=None, ignore_low_variance=False, combine_rare_levels=False, rare_level_threshold=0.1, bin_numeric_features=None, remove_outliers=False, outliers_threshold=0.05, remove_multicollinearity=False, multicollinearity_threshold=0.9, remove_perfect_collinearity=False, create_clusters=False, cluster_iter=20, polynomial_features=False, polynomial_degree=2, trigonometry_features=False, polynomial_threshold=0.1, group_features=None, group_names=None, feature_selection=False, feature_selection_threshold=0.8, feature_selection_method=classic, feature_interaction=False, feature_ratio=False, interaction_threshold=0.01, fix_imbalance=False, fix_imbalance_method=None, transform_target=False, transform_target_method=box-cox, data_split_shuffle=False, data_split_stratify=False, fold_strategy=kfold, fold=10, fold_shuffle=False, fold_groups=None, n_jobs=-1, use_gpu=False, custom_pipeline=None, html=True, session_id=123, log_experiment=False, experiment_name=None, log_plots=False, log_profile=False, log_data=False, silent=False, verbose=True, profile=False, profile_kwargs=None, display=None)
2022-01-26 15:43:12,188:INFO:Checking environment
2022-01-26 15:43:12,188:INFO:python_version: 3.9.7
2022-01-26 15:43:12,188:INFO:python_build: ('default', 'Sep 16 2021 16:59:28')
2022-01-26 15:43:12,188:INFO:machine: AMD64
2022-01-26 15:43:12,188:INFO:platform: Windows-10-10.0.19043-SP0
2022-01-26 15:43:12,189:WARNING:cannot find psutil installation. memory not traceable. Install psutil using pip to enable memory logging.
2022-01-26 15:43:12,190:INFO:Checking libraries
2022-01-26 15:43:12,190:INFO:pd==1.3.4
2022-01-26 15:43:12,190:INFO:numpy==1.19.5
2022-01-26 15:43:12,190:INFO:sklearn==0.23.2
2022-01-26 15:43:12,190:INFO:lightgbm==3.3.1
2022-01-26 15:43:12,193:WARNING:catboost not found
2022-01-26 15:43:12,193:WARNING:xgboost not found
2022-01-26 15:43:13,125:INFO:mlflow==1.21.0
2022-01-26 15:43:13,127:INFO:Checking Exceptions
2022-01-26 15:43:13,127:INFO:Declaring global variables
2022-01-26 15:43:13,127:INFO:USI: 1472
2022-01-26 15:43:13,127:INFO:pycaret_globals: {'imputation_regressor', 'X', 'n_jobs_param', 'gpu_param', 'target_param', 'master_model_container', 'prep_pipe', 'transform_target_param', '_all_models_internal', 'fold_groups_param_full', 'seed', 'data_before_preprocess', '_gpu_n_jobs_param', 'logging_param', 'fix_imbalance_param', 'log_plots_param', 'pycaret_globals', '_internal_pipeline', '_all_models', 'imputation_classifier', 'fold_shuffle_param', '_available_plots', 'display_container', '_ml_usecase', 'experiment__', 'iterative_imputation_iters_param', 'stratify_param', '_all_metrics', 'fold_param', 'fold_groups_param', 'exp_name_log', 'transform_target_method_param', 'fix_imbalance_method_param', 'fold_generator', 'create_model_container', 'USI', 'html_param'}
2022-01-26 15:43:13,127:INFO:Preparing display monitor
2022-01-26 15:43:13,127:INFO:Preparing display monitor
2022-01-26 15:43:13,148:INFO:Importing libraries
2022-01-26 15:43:13,148:INFO:Copying data for preprocessing
2022-01-26 15:43:13,167:INFO:Declaring preprocessing parameters
2022-01-26 15:43:13,177:INFO:Creating preprocessing pipeline
2022-01-26 15:43:13,198:INFO:Preprocessing pipeline created successfully
2022-01-26 15:43:13,198:ERROR:(Process Exit): setup has been interupted with user command 'quit'. setup must rerun.
2022-01-26 15:43:13,198:INFO:Creating global containers
2022-01-26 15:43:13,200:INFO:Internal pipeline: Pipeline(memory=None, steps=[('empty_step', 'passthrough')], verbose=False)
2022-01-26 15:45:55,037:INFO:Creating grid variables
2022-01-26 15:45:55,052:INFO:create_model_container: 0
2022-01-26 15:45:55,052:INFO:master_model_container: 0
2022-01-26 15:45:55,053:INFO:display_container: 1
2022-01-26 15:45:55,058:INFO:Pipeline(memory=None,
         steps=[('dtypes',
                 DataTypes_Auto_infer(categorical_features=[],
                                      display_types=True, features_todrop=[],
                                      id_columns=[], ml_usecase='regression',
                                      numerical_features=[],
                                      target='UNSUPERVISED_DUMMY_TARGET',
                                      time_features=[])),
                ('imputer',
                 Simple_Imputer(categorical_strategy='most frequent',
                                fill_value_categorical=None,
                                fill_value_numerical=None...
                ('scaling', 'passthrough'), ('P_transform', 'passthrough'),
                ('binn', 'passthrough'), ('rem_outliers', 'passthrough'),
                ('cluster_all', 'passthrough'),
                ('dummy', Dummify(target='UNSUPERVISED_DUMMY_TARGET')),
                ('fix_perfect', 'passthrough'),
                ('clean_names', Clean_Colum_Names()),
                ('feature_select', 'passthrough'), ('fix_multi', 'passthrough'),
                ('dfs', 'passthrough'), ('pca', 'passthrough')],
         verbose=False)
2022-01-26 15:45:55,058:INFO:setup() succesfully completed......................................
2022-01-26 15:45:55,283:INFO:gpu_param set to False
2022-01-26 15:45:55,365:INFO:Initializing create_model()
2022-01-26 15:45:55,365:INFO:create_model(estimator=iforest, num_clusters=4, fraction=0.1, ground_truth=None, round=4, fit_kwargs=None, verbose=True, system=True, add_to_model_list=True, raise_num_clusters=False, display=None, kwargs={})
2022-01-26 15:45:55,366:INFO:Checking exceptions
2022-01-26 15:45:55,366:INFO:Preparing display monitor
2022-01-26 15:45:55,391:INFO:Importing libraries
2022-01-26 15:45:55,410:INFO:Importing untrained model
2022-01-26 15:45:55,434:INFO:Isolation Forest Imported succesfully
2022-01-26 15:45:55,455:INFO:Fitting Model
2022-01-26 15:45:56,805:INFO:IForest(behaviour='new', bootstrap=False, contamination=0.1, max_features=1.0,
    max_samples='auto', n_estimators=100, n_jobs=-1, random_state=123,
    verbose=0)
2022-01-26 15:45:56,805:INFO:create_models() succesfully completed......................................
2022-01-26 15:45:56,805:INFO:Uploading results into container
2022-01-26 15:45:56,806:INFO:Uploading model into container now
2022-01-26 15:45:56,807:INFO:create_model_container: 1
2022-01-26 15:45:56,808:INFO:master_model_container: 1
2022-01-26 15:45:56,808:INFO:display_container: 2
2022-01-26 15:45:56,809:INFO:IForest(behaviour='new', bootstrap=False, contamination=0.1, max_features=1.0,
    max_samples='auto', n_estimators=100, n_jobs=-1, random_state=123,
    verbose=0)
2022-01-26 15:45:56,809:INFO:create_model() succesfully completed......................................
2022-01-26 15:45:56,893:INFO:Initializing assign_model()
2022-01-26 15:45:56,894:INFO:assign_model(model=IForest(behaviour='new', bootstrap=False, contamination=0.1, max_features=1.0,
    max_samples='auto', n_estimators=100, n_jobs=-1, random_state=123,
    verbose=0), transformation=False, score=True, verbose=True)
2022-01-26 15:45:56,894:INFO:Checking exceptions
2022-01-26 15:45:56,894:INFO:Determining Trained Model
2022-01-26 15:45:56,894:INFO:Trained Model : Isolation Forest
2022-01-26 15:45:56,894:INFO:Copying data
2022-01-26 15:45:56,896:INFO:(6000, 12)
2022-01-26 15:45:56,896:INFO:assign_model() succesfully completed......................................
2022-01-26 15:46:44,765:INFO:PyCaret Supervised Module
2022-01-26 15:46:44,767:INFO:ML Usecase: anomaly
2022-01-26 15:46:44,768:INFO:version 2.3.4
2022-01-26 15:46:44,768:INFO:Initializing setup()
2022-01-26 15:46:44,768:INFO:setup(target=None, ml_usecase=anomaly, available_plots={'tsne': 'Anomaly TSnE (3d)', 'umap': 'UMAP Dimensionality'}, train_size=0.7, test_data=None, preprocess=True, imputation_type=simple, iterative_imputation_iters=5, categorical_features=None, categorical_imputation=mode, categorical_iterative_imputer=lightgbm, ordinal_features=None, high_cardinality_features=None, high_cardinality_method=frequency, numeric_features=None, numeric_imputation=mean, numeric_iterative_imputer=lightgbm, date_features=None, ignore_features=None, normalize=False, normalize_method=zscore, transformation=False, transformation_method=yeo-johnson, handle_unknown_categorical=True, unknown_categorical_method=least_frequent, pca=False, pca_method=linear, pca_components=None, ignore_low_variance=False, combine_rare_levels=False, rare_level_threshold=0.1, bin_numeric_features=None, remove_outliers=False, outliers_threshold=0.05, remove_multicollinearity=False, multicollinearity_threshold=0.9, remove_perfect_collinearity=False, create_clusters=False, cluster_iter=20, polynomial_features=False, polynomial_degree=2, trigonometry_features=False, polynomial_threshold=0.1, group_features=None, group_names=None, feature_selection=False, feature_selection_threshold=0.8, feature_selection_method=classic, feature_interaction=False, feature_ratio=False, interaction_threshold=0.01, fix_imbalance=False, fix_imbalance_method=None, transform_target=False, transform_target_method=box-cox, data_split_shuffle=False, data_split_stratify=False, fold_strategy=kfold, fold=10, fold_shuffle=False, fold_groups=None, n_jobs=-1, use_gpu=False, custom_pipeline=None, html=True, session_id=123, log_experiment=False, experiment_name=None, log_plots=False, log_profile=False, log_data=False, silent=False, verbose=True, profile=False, profile_kwargs=None, display=None)
2022-01-26 15:46:44,768:INFO:Checking environment
2022-01-26 15:46:44,768:INFO:python_version: 3.9.7
2022-01-26 15:46:44,769:INFO:python_build: ('default', 'Sep 16 2021 16:59:28')
2022-01-26 15:46:44,770:INFO:machine: AMD64
2022-01-26 15:46:44,770:INFO:platform: Windows-10-10.0.19043-SP0
2022-01-26 15:46:44,772:WARNING:cannot find psutil installation. memory not traceable. Install psutil using pip to enable memory logging.
2022-01-26 15:46:44,773:INFO:Checking libraries
2022-01-26 15:46:44,773:INFO:pd==1.3.4
2022-01-26 15:46:44,773:INFO:numpy==1.19.5
2022-01-26 15:46:44,773:INFO:sklearn==0.23.2
2022-01-26 15:46:44,773:INFO:lightgbm==3.3.1
2022-01-26 15:46:44,775:WARNING:catboost not found
2022-01-26 15:46:44,776:WARNING:xgboost not found
2022-01-26 15:46:44,776:INFO:mlflow==1.21.0
2022-01-26 15:46:44,776:INFO:Checking Exceptions
2022-01-26 15:46:44,777:INFO:Declaring global variables
2022-01-26 15:46:44,777:INFO:USI: acd8
2022-01-26 15:46:44,777:INFO:pycaret_globals: {'imputation_regressor', 'X', 'n_jobs_param', 'gpu_param', 'target_param', 'master_model_container', 'prep_pipe', 'transform_target_param', '_all_models_internal', 'fold_groups_param_full', 'seed', 'data_before_preprocess', '_gpu_n_jobs_param', 'logging_param', 'fix_imbalance_param', 'log_plots_param', 'pycaret_globals', '_internal_pipeline', '_all_models', 'imputation_classifier', 'fold_shuffle_param', '_available_plots', 'display_container', '_ml_usecase', 'experiment__', 'iterative_imputation_iters_param', 'stratify_param', '_all_metrics', 'fold_param', 'fold_groups_param', 'exp_name_log', 'transform_target_method_param', 'fix_imbalance_method_param', 'fold_generator', 'create_model_container', 'USI', 'html_param'}
2022-01-26 15:46:44,777:INFO:Preparing display monitor
2022-01-26 15:46:44,778:INFO:Preparing display monitor
2022-01-26 15:46:44,800:INFO:Importing libraries
2022-01-26 15:46:44,800:INFO:Copying data for preprocessing
2022-01-26 15:46:44,811:INFO:Declaring preprocessing parameters
2022-01-26 15:46:44,817:INFO:Creating preprocessing pipeline
2022-01-26 15:46:44,831:INFO:Preprocessing pipeline created successfully
2022-01-26 15:46:44,831:ERROR:(Process Exit): setup has been interupted with user command 'quit'. setup must rerun.
2022-01-26 15:46:44,831:INFO:Creating global containers
2022-01-26 15:46:44,831:INFO:Internal pipeline: Pipeline(memory=None, steps=[('empty_step', 'passthrough')], verbose=False)
2022-01-26 15:46:51,504:INFO:Creating grid variables
2022-01-26 15:46:51,519:INFO:create_model_container: 0
2022-01-26 15:46:51,519:INFO:master_model_container: 0
2022-01-26 15:46:51,520:INFO:display_container: 1
2022-01-26 15:46:51,526:INFO:Pipeline(memory=None,
         steps=[('dtypes',
                 DataTypes_Auto_infer(categorical_features=[],
                                      display_types=True, features_todrop=[],
                                      id_columns=[], ml_usecase='regression',
                                      numerical_features=[],
                                      target='UNSUPERVISED_DUMMY_TARGET',
                                      time_features=[])),
                ('imputer',
                 Simple_Imputer(categorical_strategy='most frequent',
                                fill_value_categorical=None,
                                fill_value_numerical=None...
                ('scaling', 'passthrough'), ('P_transform', 'passthrough'),
                ('binn', 'passthrough'), ('rem_outliers', 'passthrough'),
                ('cluster_all', 'passthrough'),
                ('dummy', Dummify(target='UNSUPERVISED_DUMMY_TARGET')),
                ('fix_perfect', 'passthrough'),
                ('clean_names', Clean_Colum_Names()),
                ('feature_select', 'passthrough'), ('fix_multi', 'passthrough'),
                ('dfs', 'passthrough'), ('pca', 'passthrough')],
         verbose=False)
2022-01-26 15:46:51,526:INFO:setup() succesfully completed......................................
2022-01-26 15:47:00,043:INFO:gpu_param set to False
2022-01-26 15:47:02,697:INFO:Initializing create_model()
2022-01-26 15:47:02,697:INFO:create_model(estimator=iforest, num_clusters=4, fraction=0.1, ground_truth=None, round=4, fit_kwargs=None, verbose=True, system=True, add_to_model_list=True, raise_num_clusters=False, display=None, kwargs={})
2022-01-26 15:47:02,697:INFO:Checking exceptions
2022-01-26 15:47:02,699:INFO:Preparing display monitor
2022-01-26 15:47:02,727:INFO:Importing libraries
2022-01-26 15:47:02,752:INFO:Importing untrained model
2022-01-26 15:47:02,774:INFO:Isolation Forest Imported succesfully
2022-01-26 15:47:02,797:INFO:Fitting Model
2022-01-26 15:47:04,088:INFO:IForest(behaviour='new', bootstrap=False, contamination=0.1, max_features=1.0,
    max_samples='auto', n_estimators=100, n_jobs=-1, random_state=123,
    verbose=0)
2022-01-26 15:47:04,088:INFO:create_models() succesfully completed......................................
2022-01-26 15:47:04,089:INFO:Uploading results into container
2022-01-26 15:47:04,089:INFO:Uploading model into container now
2022-01-26 15:47:04,091:INFO:create_model_container: 1
2022-01-26 15:47:04,091:INFO:master_model_container: 1
2022-01-26 15:47:04,091:INFO:display_container: 2
2022-01-26 15:47:04,092:INFO:IForest(behaviour='new', bootstrap=False, contamination=0.1, max_features=1.0,
    max_samples='auto', n_estimators=100, n_jobs=-1, random_state=123,
    verbose=0)
2022-01-26 15:47:04,093:INFO:create_model() succesfully completed......................................
2022-01-26 15:47:04,287:INFO:Initializing assign_model()
2022-01-26 15:47:04,287:INFO:assign_model(model=IForest(behaviour='new', bootstrap=False, contamination=0.1, max_features=1.0,
    max_samples='auto', n_estimators=100, n_jobs=-1, random_state=123,
    verbose=0), transformation=False, score=True, verbose=True)
2022-01-26 15:47:04,287:INFO:Checking exceptions
2022-01-26 15:47:04,287:INFO:Determining Trained Model
2022-01-26 15:47:04,287:INFO:Trained Model : Isolation Forest
2022-01-26 15:47:04,288:INFO:Copying data
2022-01-26 15:47:04,291:INFO:(6000, 10)
2022-01-26 15:47:04,291:INFO:assign_model() succesfully completed......................................
